[debug] [2025-07-09T22:40:57.972Z] ----------------------------------------------------------------------
[debug] [2025-07-09T22:40:57.982Z] Command:       C:\Program Files\nodejs\node.exe C:\Users\soule\AppData\Roaming\npm\node_modules\firebase-tools\lib\bin\firebase.js init
[debug] [2025-07-09T22:40:57.983Z] CLI Version:   14.9.0
[debug] [2025-07-09T22:40:57.983Z] Platform:      win32
[debug] [2025-07-09T22:40:57.984Z] Node Version:  v22.14.0
[debug] [2025-07-09T22:40:57.985Z] Time:          Wed Jul 09 2025 23:40:57 GMT+0100 (British Summer Time)
[debug] [2025-07-09T22:40:57.986Z] ----------------------------------------------------------------------
[debug] 
[debug] [2025-07-09T22:40:57.993Z] >>> [apiv2][query] GET https://firebase-public.firebaseio.com/cli.json [none]
[debug] [2025-07-09T22:40:58.847Z] > command requires scopes: ["email","openid","https://www.googleapis.com/auth/cloudplatformprojects.readonly","https://www.googleapis.com/auth/firebase","https://www.googleapis.com/auth/cloud-platform"]
[debug] [2025-07-09T22:40:58.848Z] > authorizing via signed-in user (majidblt0777@gmail.com)
[info] 
     ######## #### ########  ######## ########     ###     ######  ########
     ##        ##  ##     ## ##       ##     ##  ##   ##  ##       ##
     ######    ##  ########  ######   ########  #########  ######  ######
     ##        ##  ##    ##  ##       ##     ## ##     ##       ## ##
     ##       #### ##     ## ######## ########  ##     ##  ######  ########

You're about to initialize a Firebase project in this directory:

  C:\Users\soule\OneDrive\Desktop\frentend-wistshop\Wistshop

Before we get started, keep in mind:

  * You are initializing within an existing Firebase project directory

[debug] [2025-07-09T22:40:59.593Z] <<< [apiv2][status] GET https://firebase-public.firebaseio.com/cli.json 200
[debug] [2025-07-09T22:40:59.594Z] <<< [apiv2][body] GET https://firebase-public.firebaseio.com/cli.json {"cloudBuildErrorAfter":1594252800000,"cloudBuildWarnAfter":1590019200000,"defaultNode10After":1594252800000,"minVersion":"3.0.5","node8DeploysDisabledAfter":1613390400000,"node8RuntimeDisabledAfter":1615809600000,"node8WarnAfter":1600128000000}
[debug] [2025-07-09T22:42:21.103Z] ExitPromptError: User force closed the prompt with SIGINT
    at Interface.sigint (C:\Users\soule\AppData\Roaming\npm\node_modules\firebase-tools\node_modules\@inquirer\core\dist\commonjs\lib\create-prompt.js:101:37)
    at Interface.emit (node:events:518:28)
    at Interface.emit (node:domain:489:12)
    at [_ttyWrite] [as _ttyWrite] (node:internal/readline/interface:1124:18)
    at ReadStream.onkeypress (node:internal/readline/interface:263:20)
    at ReadStream.emit (node:events:530:35)
    at ReadStream.emit (node:domain:489:12)
    at emitKeys (node:internal/readline/utils:370:14)
    at emitKeys.next (<anonymous>)
    at ReadStream.onData (node:internal/readline/emitKeypressEvents:64:36)
[error] 
[error] Error: An unexpected error has occurred.
[debug] [2025-07-09T22:42:37.776Z] ----------------------------------------------------------------------
[debug] [2025-07-09T22:42:37.781Z] Command:       C:\Program Files\nodejs\node.exe C:\Users\soule\AppData\Roaming\npm\node_modules\firebase-tools\lib\bin\firebase.js init
[debug] [2025-07-09T22:42:37.782Z] CLI Version:   14.9.0
[debug] [2025-07-09T22:42:37.783Z] Platform:      win32
[debug] [2025-07-09T22:42:37.783Z] Node Version:  v22.14.0
[debug] [2025-07-09T22:42:37.783Z] Time:          Wed Jul 09 2025 23:42:37 GMT+0100 (British Summer Time)
[debug] [2025-07-09T22:42:37.784Z] ----------------------------------------------------------------------
[debug] 
[debug] [2025-07-09T22:42:38.271Z] > command requires scopes: ["email","openid","https://www.googleapis.com/auth/cloudplatformprojects.readonly","https://www.googleapis.com/auth/firebase","https://www.googleapis.com/auth/cloud-platform"]
[debug] [2025-07-09T22:42:38.272Z] > authorizing via signed-in user (majidblt0777@gmail.com)
[info] 
     ######## #### ########  ######## ########     ###     ######  ########
     ##        ##  ##     ## ##       ##     ##  ##   ##  ##       ##
     ######    ##  ########  ######   ########  #########  ######  ######
     ##        ##  ##    ##  ##       ##     ## ##     ##       ## ##
     ##       #### ##     ## ######## ########  ##     ##  ######  ########

You're about to initialize a Firebase project in this directory:

  C:\Users\soule\OneDrive\Desktop\frentend-wistshop\Wistshop

Before we get started, keep in mind:

  * You are initializing within an existing Firebase project directory

